0 info it worked if it ends with ok
1 verbose cli [ 'node', '/usr/local/bin/npm', 'publish' ]
2 info using npm@1.3.11
3 info using node@v0.10.21
4 verbose publish [ '.' ]
5 verbose cache add [ '.', null ]
6 verbose cache add name=undefined spec="." args=[".",null]
7 verbose parsed url { protocol: null,
7 verbose parsed url   slashes: null,
7 verbose parsed url   auth: null,
7 verbose parsed url   host: null,
7 verbose parsed url   port: null,
7 verbose parsed url   hostname: null,
7 verbose parsed url   hash: null,
7 verbose parsed url   search: null,
7 verbose parsed url   query: null,
7 verbose parsed url   pathname: '.',
7 verbose parsed url   path: '.',
7 verbose parsed url   href: '.' }
8 silly lockFile 3a52ce78- .
9 verbose lock . /Users/craig/.npm/3a52ce78-.lock
10 verbose tar pack [ '/var/folders/n1/r96x64mx6jzcbzkbz1ddrw6r0000gn/T/npm-854-uW20GYv3/1393554738168-0.9378826855681837/tmp.tgz',
10 verbose tar pack   '.' ]
11 verbose tarball /var/folders/n1/r96x64mx6jzcbzkbz1ddrw6r0000gn/T/npm-854-uW20GYv3/1393554738168-0.9378826855681837/tmp.tgz
12 verbose folder .
13 silly lockFile 1f1177db-tar tar://.
14 verbose lock tar://. /Users/craig/.npm/1f1177db-tar.lock
15 silly lockFile c48fdb5a-38168-0-9378826855681837-tmp-tgz tar:///var/folders/n1/r96x64mx6jzcbzkbz1ddrw6r0000gn/T/npm-854-uW20GYv3/1393554738168-0.9378826855681837/tmp.tgz
16 verbose lock tar:///var/folders/n1/r96x64mx6jzcbzkbz1ddrw6r0000gn/T/npm-854-uW20GYv3/1393554738168-0.9378826855681837/tmp.tgz /Users/craig/.npm/c48fdb5a-38168-0-9378826855681837-tmp-tgz.lock
17 silly lockFile 1f1177db-tar tar://.
18 silly lockFile 1f1177db-tar tar://.
19 silly lockFile c48fdb5a-38168-0-9378826855681837-tmp-tgz tar:///var/folders/n1/r96x64mx6jzcbzkbz1ddrw6r0000gn/T/npm-854-uW20GYv3/1393554738168-0.9378826855681837/tmp.tgz
20 silly lockFile c48fdb5a-38168-0-9378826855681837-tmp-tgz tar:///var/folders/n1/r96x64mx6jzcbzkbz1ddrw6r0000gn/T/npm-854-uW20GYv3/1393554738168-0.9378826855681837/tmp.tgz
21 verbose tar unpack /var/folders/n1/r96x64mx6jzcbzkbz1ddrw6r0000gn/T/npm-854-uW20GYv3/1393554738168-0.9378826855681837/tmp.tgz
22 silly lockFile cfbecab1-38168-0-9378826855681837-package tar:///var/folders/n1/r96x64mx6jzcbzkbz1ddrw6r0000gn/T/npm-854-uW20GYv3/1393554738168-0.9378826855681837/package
23 verbose lock tar:///var/folders/n1/r96x64mx6jzcbzkbz1ddrw6r0000gn/T/npm-854-uW20GYv3/1393554738168-0.9378826855681837/package /Users/craig/.npm/cfbecab1-38168-0-9378826855681837-package.lock
24 silly lockFile c48fdb5a-38168-0-9378826855681837-tmp-tgz tar:///var/folders/n1/r96x64mx6jzcbzkbz1ddrw6r0000gn/T/npm-854-uW20GYv3/1393554738168-0.9378826855681837/tmp.tgz
25 verbose lock tar:///var/folders/n1/r96x64mx6jzcbzkbz1ddrw6r0000gn/T/npm-854-uW20GYv3/1393554738168-0.9378826855681837/tmp.tgz /Users/craig/.npm/c48fdb5a-38168-0-9378826855681837-tmp-tgz.lock
26 silly gunzTarPerm modes [ '755', '644' ]
27 silly gunzTarPerm extractEntry package.json
28 silly gunzTarPerm extractEntry .npmignore
29 silly gunzTarPerm extractEntry README.md
30 silly gunzTarPerm extractEntry index.js
31 silly gunzTarPerm extractEntry test/bindable-wrap-test.js
32 silly lockFile cfbecab1-38168-0-9378826855681837-package tar:///var/folders/n1/r96x64mx6jzcbzkbz1ddrw6r0000gn/T/npm-854-uW20GYv3/1393554738168-0.9378826855681837/package
33 silly lockFile cfbecab1-38168-0-9378826855681837-package tar:///var/folders/n1/r96x64mx6jzcbzkbz1ddrw6r0000gn/T/npm-854-uW20GYv3/1393554738168-0.9378826855681837/package
34 silly lockFile c48fdb5a-38168-0-9378826855681837-tmp-tgz tar:///var/folders/n1/r96x64mx6jzcbzkbz1ddrw6r0000gn/T/npm-854-uW20GYv3/1393554738168-0.9378826855681837/tmp.tgz
35 silly lockFile c48fdb5a-38168-0-9378826855681837-tmp-tgz tar:///var/folders/n1/r96x64mx6jzcbzkbz1ddrw6r0000gn/T/npm-854-uW20GYv3/1393554738168-0.9378826855681837/tmp.tgz
36 verbose tar pack [ '/Users/craig/.npm/bindable-wrap/0.0.2/package.tgz',
36 verbose tar pack   '/var/folders/n1/r96x64mx6jzcbzkbz1ddrw6r0000gn/T/npm-854-uW20GYv3/1393554738168-0.9378826855681837/package' ]
37 verbose tarball /Users/craig/.npm/bindable-wrap/0.0.2/package.tgz
38 verbose folder /var/folders/n1/r96x64mx6jzcbzkbz1ddrw6r0000gn/T/npm-854-uW20GYv3/1393554738168-0.9378826855681837/package
39 silly lockFile cfbecab1-38168-0-9378826855681837-package tar:///var/folders/n1/r96x64mx6jzcbzkbz1ddrw6r0000gn/T/npm-854-uW20GYv3/1393554738168-0.9378826855681837/package
40 verbose lock tar:///var/folders/n1/r96x64mx6jzcbzkbz1ddrw6r0000gn/T/npm-854-uW20GYv3/1393554738168-0.9378826855681837/package /Users/craig/.npm/cfbecab1-38168-0-9378826855681837-package.lock
41 silly lockFile e1e8b4f5--bindable-wrap-0-0-2-package-tgz tar:///Users/craig/.npm/bindable-wrap/0.0.2/package.tgz
42 verbose lock tar:///Users/craig/.npm/bindable-wrap/0.0.2/package.tgz /Users/craig/.npm/e1e8b4f5--bindable-wrap-0-0-2-package-tgz.lock
43 silly lockFile cfbecab1-38168-0-9378826855681837-package tar:///var/folders/n1/r96x64mx6jzcbzkbz1ddrw6r0000gn/T/npm-854-uW20GYv3/1393554738168-0.9378826855681837/package
44 silly lockFile cfbecab1-38168-0-9378826855681837-package tar:///var/folders/n1/r96x64mx6jzcbzkbz1ddrw6r0000gn/T/npm-854-uW20GYv3/1393554738168-0.9378826855681837/package
45 silly lockFile e1e8b4f5--bindable-wrap-0-0-2-package-tgz tar:///Users/craig/.npm/bindable-wrap/0.0.2/package.tgz
46 silly lockFile e1e8b4f5--bindable-wrap-0-0-2-package-tgz tar:///Users/craig/.npm/bindable-wrap/0.0.2/package.tgz
47 silly lockFile 75c142c1--npm-bindable-wrap-0-0-2-package /Users/craig/.npm/bindable-wrap/0.0.2/package
48 verbose lock /Users/craig/.npm/bindable-wrap/0.0.2/package /Users/craig/.npm/75c142c1--npm-bindable-wrap-0-0-2-package.lock
49 silly lockFile 75c142c1--npm-bindable-wrap-0-0-2-package /Users/craig/.npm/bindable-wrap/0.0.2/package
50 silly lockFile 75c142c1--npm-bindable-wrap-0-0-2-package /Users/craig/.npm/bindable-wrap/0.0.2/package
51 verbose tar unpack /Users/craig/.npm/bindable-wrap/0.0.2/package.tgz
52 silly lockFile 3f8baf0c--npm-bindable-wrap-0-0-2-package tar:///Users/craig/.npm/bindable-wrap/0.0.2/package
53 verbose lock tar:///Users/craig/.npm/bindable-wrap/0.0.2/package /Users/craig/.npm/3f8baf0c--npm-bindable-wrap-0-0-2-package.lock
54 silly lockFile e1e8b4f5--bindable-wrap-0-0-2-package-tgz tar:///Users/craig/.npm/bindable-wrap/0.0.2/package.tgz
55 verbose lock tar:///Users/craig/.npm/bindable-wrap/0.0.2/package.tgz /Users/craig/.npm/e1e8b4f5--bindable-wrap-0-0-2-package-tgz.lock
56 silly gunzTarPerm modes [ '755', '644' ]
57 silly gunzTarPerm extractEntry package.json
58 silly gunzTarPerm extractEntry .npmignore
59 silly gunzTarPerm extractEntry README.md
60 silly gunzTarPerm extractEntry index.js
61 silly gunzTarPerm extractEntry test/bindable-wrap-test.js
62 silly lockFile 3f8baf0c--npm-bindable-wrap-0-0-2-package tar:///Users/craig/.npm/bindable-wrap/0.0.2/package
63 silly lockFile 3f8baf0c--npm-bindable-wrap-0-0-2-package tar:///Users/craig/.npm/bindable-wrap/0.0.2/package
64 silly lockFile e1e8b4f5--bindable-wrap-0-0-2-package-tgz tar:///Users/craig/.npm/bindable-wrap/0.0.2/package.tgz
65 silly lockFile e1e8b4f5--bindable-wrap-0-0-2-package-tgz tar:///Users/craig/.npm/bindable-wrap/0.0.2/package.tgz
66 verbose chmod /Users/craig/.npm/bindable-wrap/0.0.2/package.tgz 644
67 verbose chown /Users/craig/.npm/bindable-wrap/0.0.2/package.tgz [ 501, 20 ]
68 silly lockFile 3a52ce78- .
69 silly lockFile 3a52ce78- .
70 silly publish { name: 'bindable-wrap',
70 silly publish   version: '0.0.2',
70 silly publish   description: 'bindable-wrap =============',
70 silly publish   main: 'index.js',
70 silly publish   scripts: { test: 'echo "Error: no test specified" && exit 1' },
70 silly publish   repository:
70 silly publish    { type: 'git',
70 silly publish      url: 'git://github.com/classdojo/bindable-wrap.git' },
70 silly publish   author: '',
70 silly publish   license: 'BSD-2-Clause',
70 silly publish   bugs: { url: 'https://github.com/classdojo/bindable-wrap/issues' },
70 silly publish   dependencies: { traverse: '~0.6.6', bindable: '~0.5.26' },
70 silly publish   devDependencies: { 'expect.js': '~0.3.1', mocha: '~1.17.1' },
70 silly publish   readme: 'bindable-wrap\n=============\n\nwrap objects as bindable objects\n',
70 silly publish   readmeFilename: 'README.md',
70 silly publish   _id: 'bindable-wrap@0.0.2',
70 silly publish   dist: { shasum: '93049fda1e12ab2edf5cc1a2cd57e70a1b94f975' },
70 silly publish   _from: '.' }
71 verbose url raw bindable-wrap
72 verbose url resolving [ 'http://registry.npmjs.org/', './bindable-wrap' ]
73 verbose url resolved http://registry.npmjs.org/bindable-wrap
74 info trying registry request attempt 1 at 18:32:18
75 http PUT http://registry.npmjs.org/bindable-wrap
76 http 201 http://registry.npmjs.org/bindable-wrap
77 verbose url raw bindable-wrap
78 verbose url resolving [ 'http://registry.npmjs.org/', './bindable-wrap' ]
79 verbose url resolved http://registry.npmjs.org/bindable-wrap
80 info trying registry request attempt 1 at 18:32:18
81 http GET http://registry.npmjs.org/bindable-wrap
82 http 200 http://registry.npmjs.org/bindable-wrap
83 error publish fail Cannot publish over existing version.
83 error publish fail Update the 'version' field in package.json and try again.
83 error publish fail
83 error publish fail If the previous version was published in error, see:
83 error publish fail     npm help unpublish
83 error publish fail
83 error publish fail To automatically increment version numbers, see:
83 error publish fail     npm help version
84 error System Darwin 13.0.0
85 error command "node" "/usr/local/bin/npm" "publish"
86 error cwd /Users/craig/Developer/Public/bindable-wrap
87 error node -v v0.10.21
88 error npm -v 1.3.11
89 error code EPUBLISHCONFLICT
90 verbose exit [ 1, true ]
